2023-01-20 15:50:56 - MOD: Modification Default
FILE: system/engine/action.php
REGEX: ~(require|include)(_once)?\(([^)]+)~
LINE: 58
FILE: system/engine/loader.php
REGEX: ~(require|include)(_once)?\(([^)]+)~
LINE: 20
LINE: 37
LINE: 54
LINE: 65
FILE: system/library/config.php
REGEX: ~(require|include)(_once)?\(([^)]+)~
LINE: 23
FILE: system/library/language.php
REGEX: ~(require|include)(_once)?\(([^)]+)~
LINE: 21
LINE: 27
----------------------------------------------------------------
MOD: |Extension Uninstaller by iSenseLabs
FILE: admin/controller/extension/installer.php
CODE: $data['header'] = $this->load->controller('common/header');
LINE: 51
CODE: $data['token'] = $this->session->data['token'];
LINE: 43
CODE: move_uploaded_file($this->request->files['file']['tmp_name'], $file);
LINE: 120
LINE: 158
CODE: $zip_name = zip_entry_name($entry);
LINE: 223
CODE: $json['success'] = $this->language->get('text_success');
LINE: 670
CODE: $json['error'] = sprintf($this->language->get('error_exists'), $modification_info['name']);
LINE: 548
CODE: public function unzip() {
LINE: 432
CODE: 'extension/installer/ftp'
LINE: 174
CODE: 'extension/installer/localcopy'
NOT FOUND!
FILE: admin/controller/extension/modification.php
CODE: $this->response->redirect
LINE: 52
LINE: 447
LINE: 519
LINE: 556
LINE: 593
LINE: 628
FILE: admin/language/english/extension/installer.php
CODE: <?php
LINE: 8
FILE: admin/controller/common/menu.php
CODE: $data['text_installer'] = $this->language->get('text_installer');
LINE: 38
CODE: $data['installer'] = $this->url->link('extension/installer', 'token=' . $this->session->data['token'], 'SSL');
LINE: 134
FILE: admin/controller/common/column_left.php
CODE: if ($this->user->hasPermission('access', 'extension/extension')) {
NOT FOUND!
CODE: $data['installer'] = $this->url->link('extension/installer', 'token=' . $this->session->data['token'], true);
NOT FOUND!
FILE: admin/view/template/common/menu.tpl
CODE: <li><a href="<?php echo $installer; ?>"><?php echo $text_installer; ?></a></li>
LINE: 24
----------------------------------------------------------------
2023-01-20 15:50:57 - MOD: Modification Default
FILE: system/engine/action.php
REGEX: ~(require|include)(_once)?\(([^)]+)~
LINE: 58
FILE: system/engine/loader.php
REGEX: ~(require|include)(_once)?\(([^)]+)~
LINE: 20
LINE: 37
LINE: 54
LINE: 65
FILE: system/library/config.php
REGEX: ~(require|include)(_once)?\(([^)]+)~
LINE: 23
FILE: system/library/language.php
REGEX: ~(require|include)(_once)?\(([^)]+)~
LINE: 21
LINE: 27
----------------------------------------------------------------
MOD: |Extension Uninstaller by iSenseLabs
FILE: admin/controller/extension/installer.php
CODE: $data['header'] = $this->load->controller('common/header');
LINE: 51
CODE: $data['token'] = $this->session->data['token'];
LINE: 43
CODE: move_uploaded_file($this->request->files['file']['tmp_name'], $file);
LINE: 120
LINE: 158
CODE: $zip_name = zip_entry_name($entry);
LINE: 223
CODE: $json['success'] = $this->language->get('text_success');
LINE: 670
CODE: $json['error'] = sprintf($this->language->get('error_exists'), $modification_info['name']);
LINE: 548
CODE: public function unzip() {
LINE: 432
CODE: 'extension/installer/ftp'
LINE: 174
CODE: 'extension/installer/localcopy'
NOT FOUND!
FILE: admin/controller/extension/modification.php
CODE: $this->response->redirect
LINE: 52
LINE: 447
LINE: 519
LINE: 556
LINE: 593
LINE: 628
FILE: admin/language/english/extension/installer.php
CODE: <?php
LINE: 8
FILE: admin/controller/common/menu.php
CODE: $data['text_installer'] = $this->language->get('text_installer');
LINE: 38
CODE: $data['installer'] = $this->url->link('extension/installer', 'token=' . $this->session->data['token'], 'SSL');
LINE: 134
FILE: admin/controller/common/column_left.php
CODE: if ($this->user->hasPermission('access', 'extension/extension')) {
NOT FOUND!
CODE: $data['installer'] = $this->url->link('extension/installer', 'token=' . $this->session->data['token'], true);
NOT FOUND!
FILE: admin/view/template/common/menu.tpl
CODE: <li><a href="<?php echo $installer; ?>"><?php echo $text_installer; ?></a></li>
LINE: 24
----------------------------------------------------------------
